<?xml version="1.0" encoding="UTF-8"?>
<testng-results ignored="0" total="1" passed="1" failed="0" skipped="0">
  <reporter-output>
  </reporter-output>
  <suite started-at="2025-07-06T18:56:42 EET" name="Default suite" finished-at="2025-07-06T18:56:45 EET" duration-ms="2943">
    <groups>
    </groups>
    <test started-at="2025-07-06T18:56:42 EET" name="Default test" finished-at="2025-07-06T18:56:45 EET" duration-ms="2943">
      <class name="Login.MyTestCases">
        <test-method is-config="true" signature="mysetup()[pri:0, instance:Login.MyTestCases@50ecde95]" started-at="2025-07-06T18:56:42 EET" name="mysetup" finished-at="2025-07-06T18:56:45 EET" duration-ms="2225" status="PASS">
          <reporter-output>
          </reporter-output>
        </test-method> <!-- mysetup -->
        <test-method signature="signup()[pri:1, instance:Login.MyTestCases@50ecde95]" started-at="2025-07-06T18:56:45 EET" name="signup" finished-at="2025-07-06T18:56:45 EET" duration-ms="677" status="PASS">
          <reporter-output>
          </reporter-output>
        </test-method> <!-- signup -->
      </class> <!-- Login.MyTestCases -->
    </test> <!-- Default test -->
  </suite> <!-- Default suite -->
</testng-results>
